[2025-09-27 22:04:45] [INFO] Application starting. Log: "C:/Users/Edward/Desktop/test/build-qt1310/dist/client.log"
[2025-09-27 22:04:45] [INFO] Connecting to 127.0.0.1:8080
[2025-09-27 22:04:45] [INFO] LoginWindow created and shown
[2025-09-27 22:04:45] [DEBUG] Connected to server
[2025-09-27 22:05:06] [ERROR] Socket error: "The remote host closed the connection"
[2025-09-27 22:05:06] [DEBUG] Disconnected from server
[2025-09-27 22:05:38] [INFO] Application starting. Log: "C:/Users/Edward/Desktop/test/build-qt1310/dist/client.log"
[2025-09-27 22:05:38] [INFO] Connecting to 127.0.0.1:8080
[2025-09-27 22:05:38] [INFO] LoginWindow created and shown
[2025-09-27 22:10:41] [INFO] Application starting. Log: "C:/Users/Edward/Desktop/test/build-qt1310/dist/client.log"
[2025-09-27 22:10:41] [INFO] Connecting to 127.0.0.1:8080
[2025-09-27 22:10:41] [INFO] LoginWindow created and shown
[2025-09-27 22:10:41] [DEBUG] Connected to server
[2025-09-27 22:11:50] [ERROR] Socket error: "The remote host closed the connection"
[2025-09-27 22:11:50] [DEBUG] Disconnected from server
[2025-09-27 22:34:11] [INFO] Application starting. Log: "C:/Users/Edward/Desktop/test/build-qt1310/dist/client.log"
[2025-09-27 22:34:11] [INFO] Connecting to 127.0.0.1:8080
[2025-09-27 22:34:11] [INFO] LoginWindow created and shown
[2025-09-27 22:34:11] [DEBUG] Connected to server
[2025-09-27 22:35:07] [INFO] sendJson "{\"password\":\"123456\",\"type\":\"login\",\"username\":\"cyz\"}\n"
[2025-09-27 22:35:07] [INFO] onReadyRead bytes= 66
[2025-09-27 22:35:07] [INFO] Login success, creating MainWindow and handing off socket
[2025-09-27 22:35:07] [WARN] QMetaObject::connectSlotsByName: No matching signal for on_prevPage_clicked()
[2025-09-27 22:35:07] [WARN] QMetaObject::connectSlotsByName: No matching signal for on_nextPage_clicked()
[2025-09-27 22:35:07] [INFO] MainWindow constructed
[2025-09-27 22:35:07] [INFO] setupConnections: searchButton= 0x2208f8ddc60 cartButton= 0x2208f8ff310 chatButton= 0x2208f8fe680
[2025-09-27 22:35:07] [INFO] setupConnections: findChild(cartButton) matches ui->cartButton
[2025-09-27 22:35:07] [INFO] MainWindow setSocket, state= QAbstractSocket::ConnectedState
[2025-09-27 22:35:07] [INFO] recv carousel_data images= 3
[2025-09-27 22:35:07] [INFO] recv promotions count= 2
[2025-09-27 22:35:08] [INFO] recv recommendations products= 4
[2025-09-27 22:35:14] [INFO] recv products_response total= 22  page= 1
[2025-09-27 22:35:17] [INFO] recv products_response total= 22  page= 3
[2025-09-27 22:35:18] [INFO] recv products_response total= 22  page= 4
[2025-09-27 22:35:19] [INFO] recv products_response total= 22  page= 3
[2025-09-27 22:35:19] [INFO] recv products_response total= 22  page= 2
[2025-09-27 22:35:19] [INFO] recv products_response total= 22  page= 1
[2025-09-27 22:35:21] [INFO] recv products_response total= 22  page= 2
[2025-09-27 22:35:21] [INFO] recv products_response total= 22  page= 3
[2025-09-27 22:35:21] [INFO] recv products_response total= 22  page= 4
[2025-09-27 22:35:22] [INFO] recv products_response total= 22  page= 3
[2025-09-27 22:35:22] [INFO] recv products_response total= 22  page= 1
[2025-09-27 22:35:23] [INFO] recv products_response total= 22  page= 2
[2025-09-27 22:35:23] [INFO] recv products_response total= 22  page= 3
[2025-09-27 22:35:24] [INFO] recv products_response total= 22  page= 3
[2025-09-27 22:35:24] [INFO] recv products_response total= 22  page= 1
[2025-09-27 22:36:21] [INFO] recv carousel_data images= 3
[2025-09-27 22:36:21] [INFO] recv promotions count= 2
[2025-09-27 22:36:21] [INFO] recv recommendations products= 4
[2025-09-27 22:39:37] [INFO] recv products_response total= 22  page= 1
[2025-09-27 22:39:41] [INFO] recv products_response total= 22  page= 2
[2025-09-27 22:39:41] [INFO] recv products_response total= 22  page= 4
[2025-09-27 22:39:42] [INFO] recv products_response total= 22  page= 3
[2025-09-27 22:39:42] [INFO] recv products_response total= 22  page= 1
[2025-09-27 22:41:27] [WARN] QMetaObject::connectSlotsByName: No matching signal for on_prevPage_clicked()
[2025-09-27 22:41:27] [WARN] QMetaObject::connectSlotsByName: No matching signal for on_nextPage_clicked()
[2025-09-27 22:41:27] [INFO] ShoppingCart ctor: checkoutButton? true deleteButton? false totalLabel? false cartTable? true
[2025-09-27 22:41:28] [INFO] [cart_load] populated rows= 1 all selected initially
[2025-09-27 22:41:28] [INFO] [cart_load] skip duplicate build sig= "1|2:1"
[2025-09-27 22:41:29] [INFO] checkoutButton clicked, itemsEmpty= false inFlight= false
[2025-09-27 22:41:29] [INFO] showOnce show tag= "order_ok" title= "下单成功" text= "订单已创建：#9\n本次金额：￥449.00"
[2025-09-27 22:41:29] [INFO] [cart_load] empty cart
[2025-09-27 22:41:29] [INFO] [cart_load] skip duplicate build sig= "0|"
[2025-09-27 22:41:30] [INFO] [cart_load] skip duplicate build sig= "0|"
[2025-09-27 22:41:30] [INFO] [cart_load] skip duplicate build sig= "0|"
[2025-09-27 22:42:35] [INFO] recv products_response total= 22  page= 1
[2025-09-27 22:46:59] [INFO] Application starting. Log: "C:/Users/Edward/Desktop/test/build-qt1310/dist/client.log"
[2025-09-27 22:46:59] [INFO] Connecting to 127.0.0.1:8080
[2025-09-27 22:46:59] [INFO] LoginWindow created and shown
[2025-09-27 22:46:59] [DEBUG] Connected to server
[2025-09-27 22:47:05] [INFO] sendJson "{\"password\":\"123456\",\"type\":\"login\",\"username\":\"cyz\"}\n"
[2025-09-27 22:47:05] [INFO] onReadyRead bytes= 66
[2025-09-27 22:47:05] [INFO] Login success, creating MainWindow and handing off socket
[2025-09-27 22:47:05] [WARN] QMetaObject::connectSlotsByName: No matching signal for on_prevPage_clicked()
[2025-09-27 22:47:05] [WARN] QMetaObject::connectSlotsByName: No matching signal for on_nextPage_clicked()
[2025-09-27 22:47:05] [INFO] MainWindow constructed
[2025-09-27 22:47:05] [INFO] setupConnections: searchButton= 0x2578c1dc9a0 cartButton= 0x2578c1dc1c0 chatButton= 0x2578c1dcaf0
[2025-09-27 22:47:05] [INFO] setupConnections: findChild(cartButton) matches ui->cartButton
[2025-09-27 22:47:05] [INFO] MainWindow setSocket, state= QAbstractSocket::ConnectedState
[2025-09-27 22:47:05] [INFO] HTTP base resolved to "http://localhost:8081"
[2025-09-27 22:47:05] [INFO] recv carousel_data images= 3
[2025-09-27 22:47:05] [INFO] recv promotions count= 2
[2025-09-27 22:47:05] [INFO] recv recommendations products= 4
[2025-09-27 22:47:06] [INFO] recv products_response total= 22  page= 1
[2025-09-27 22:48:59] [INFO] recv products_response total= 22  page= 3
[2025-09-27 22:49:02] [INFO] recv products_response total= 22  page= 4
[2025-09-27 22:49:03] [INFO] recv products_response total= 22  page= 3
[2025-09-27 22:49:04] [INFO] recv products_response total= 22  page= 2
[2025-09-27 22:49:05] [INFO] recv products_response total= 22  page= 1
[2025-09-27 22:49:09] [INFO] recv carousel_data images= 3
[2025-09-27 22:49:09] [INFO] recv promotions count= 2
[2025-09-27 22:49:09] [INFO] recv recommendations products= 4
[2025-09-27 22:49:11] [INFO] recv products_response total= 22  page= 1
[2025-09-27 22:49:27] [WARN] Socket disconnected
[2025-09-27 22:49:27] [WARN] QObject::killTimer: Timers cannot be stopped from another thread
[2025-09-27 22:49:27] [WARN] QObject::~QObject: Timers cannot be stopped from another thread
[2025-09-27 22:57:41] [INFO] Application starting. Log: "C:/Users/Edward/Desktop/test/build-qt1310/dist/client.log"
[2025-09-27 22:57:41] [INFO] Connecting to 127.0.0.1:8080
[2025-09-27 22:57:41] [INFO] LoginWindow created and shown
[2025-09-27 22:57:41] [DEBUG] Connected to server
[2025-09-27 22:58:38] [INFO] sendJson "{\"password\":\"123456\",\"type\":\"login\",\"username\":\"cyz\"}\n"
[2025-09-27 22:58:38] [INFO] onReadyRead bytes= 66
[2025-09-27 22:58:38] [INFO] Login success, creating MainWindow and handing off socket
[2025-09-27 22:58:38] [WARN] QMetaObject::connectSlotsByName: No matching signal for on_prevPage_clicked()
[2025-09-27 22:58:38] [WARN] QMetaObject::connectSlotsByName: No matching signal for on_nextPage_clicked()
[2025-09-27 22:58:38] [INFO] MainWindow constructed
[2025-09-27 22:58:38] [INFO] setupConnections: searchButton= 0x1397393be70 cartButton= 0x1397393bcf0 chatButton= 0x1397393c380
[2025-09-27 22:58:38] [INFO] setupConnections: findChild(cartButton) matches ui->cartButton
[2025-09-27 22:58:38] [INFO] MainWindow setSocket, state= QAbstractSocket::ConnectedState
[2025-09-27 22:58:38] [INFO] HTTP base resolved to "http://localhost:8081"
[2025-09-27 22:58:38] [INFO] recv carousel_data images= 3
[2025-09-27 22:58:38] [INFO] recv promotions count= 2
[2025-09-27 22:58:38] [INFO] recv recommendations products= 4
[2025-09-27 22:58:40] [WARN] QMetaObject::connectSlotsByName: No matching signal for on_messageInput_returnPressed()
[2025-09-27 22:58:53] [WARN] Socket disconnected
[2025-09-27 22:58:53] [WARN] QObject::killTimer: Timers cannot be stopped from another thread
[2025-09-27 22:58:53] [WARN] QObject::~QObject: Timers cannot be stopped from another thread
