[2025-09-27 22:04:45] pre-0: entering main()
[2025-09-27 22:04:45] stage-1: QApplication constructed
[2025-09-27 22:04:45] stage-2: setQuitOnLastWindowClosed(false)
[2025-09-27 22:04:45] stage-3: app meta set
[2025-09-27 22:04:45] stage-4: logger initialized (or attempted)
[2025-09-27 22:04:45] stage-5: stylesheet loaded (if any)
[2025-09-27 22:04:45] stage-6: LoginWindow constructed
[2025-09-27 22:04:45] stage-7: LoginWindow shown
[2025-09-27 22:04:45] stage-8: entering app.exec()
[2025-09-27 22:05:38] pre-0: entering main()
[2025-09-27 22:05:38] stage-1: QApplication constructed
[2025-09-27 22:05:38] stage-2: setQuitOnLastWindowClosed(false)
[2025-09-27 22:05:38] stage-3: app meta set
[2025-09-27 22:05:38] stage-4: logger initialized (or attempted)
[2025-09-27 22:05:38] stage-5: stylesheet loaded (if any)
[2025-09-27 22:05:38] stage-6: LoginWindow constructed
[2025-09-27 22:05:38] stage-7: LoginWindow shown
[2025-09-27 22:05:38] stage-8: entering app.exec()
[2025-09-27 22:10:41] pre-0: entering main()
[2025-09-27 22:10:41] stage-1: QApplication constructed
[2025-09-27 22:10:41] stage-2: setQuitOnLastWindowClosed(false)
[2025-09-27 22:10:41] stage-3: app meta set
[2025-09-27 22:10:41] stage-4: logger initialized (or attempted)
[2025-09-27 22:10:41] stage-5: stylesheet loaded (if any)
[2025-09-27 22:10:41] stage-6: LoginWindow constructed
[2025-09-27 22:10:41] stage-7: LoginWindow shown
[2025-09-27 22:10:41] stage-8: entering app.exec()
[2025-09-27 22:34:11] pre-0: entering main()
[2025-09-27 22:34:11] stage-1: QApplication constructed
[2025-09-27 22:34:11] stage-2: setQuitOnLastWindowClosed(false)
[2025-09-27 22:34:11] stage-3: app meta set
[2025-09-27 22:34:11] stage-4: logger initialized (or attempted)
[2025-09-27 22:34:11] stage-5: stylesheet loaded (if any)
[2025-09-27 22:34:11] stage-6: LoginWindow constructed
[2025-09-27 22:34:11] stage-7: LoginWindow shown
[2025-09-27 22:34:11] stage-8: entering app.exec()
[2025-09-27 22:46:59] pre-0: entering main()
[2025-09-27 22:46:59] stage-1: QApplication constructed
[2025-09-27 22:46:59] stage-2: setQuitOnLastWindowClosed(false)
[2025-09-27 22:46:59] stage-3: app meta set
[2025-09-27 22:46:59] stage-4: logger initialized (or attempted)
[2025-09-27 22:46:59] stage-5: stylesheet loaded (if any)
[2025-09-27 22:46:59] stage-6: LoginWindow constructed
[2025-09-27 22:46:59] stage-7: LoginWindow shown
[2025-09-27 22:46:59] stage-8: entering app.exec()
[2025-09-27 22:57:40] pre-0: entering main()
[2025-09-27 22:57:41] stage-1: QApplication constructed
[2025-09-27 22:57:41] stage-2: setQuitOnLastWindowClosed(false)
[2025-09-27 22:57:41] stage-3: app meta set
[2025-09-27 22:57:41] stage-4: logger initialized (or attempted)
[2025-09-27 22:57:41] stage-5: stylesheet loaded (if any)
[2025-09-27 22:57:41] stage-6: LoginWindow constructed
[2025-09-27 22:57:41] stage-7: LoginWindow shown
[2025-09-27 22:57:41] stage-8: entering app.exec()
