D:\CMake\bin\cmake.exe -SC:\Users\Edward\Desktop\test\client -BC:\Users\Edward\Desktop\test\client\build --check-build-system CMakeFiles\Makefile.cmake 0
C:/msys64/ucrt64/bin/mingw32-make.exe  -f CMakeFiles\Makefile2 shopping_client
mingw32-make[1]: Entering directory 'C:/Users/Edward/Desktop/test/client/build'
D:\CMake\bin\cmake.exe -SC:\Users\Edward\Desktop\test\client -BC:\Users\Edward\Desktop\test\client\build --check-build-system CMakeFiles\Makefile.cmake 0
D:\CMake\bin\cmake.exe -E cmake_progress_start C:\Users\Edward\Desktop\test\client\build\CMakeFiles 12
C:/msys64/ucrt64/bin/mingw32-make.exe  -f CMakeFiles\Makefile2 CMakeFiles/shopping_client.dir/all
mingw32-make[2]: Entering directory 'C:/Users/Edward/Desktop/test/client/build'
C:/msys64/ucrt64/bin/mingw32-make.exe  -f CMakeFiles\shopping_client_autogen_timestamp_deps.dir\build.make CMakeFiles/shopping_client_autogen_timestamp_deps.dir/depend
mingw32-make[3]: Entering directory 'C:/Users/Edward/Desktop/test/client/build'
D:\CMake\bin\cmake.exe -E cmake_depends "MinGW Makefiles" C:\Users\Edward\Desktop\test\client C:\Users\Edward\Desktop\test\client C:\Users\Edward\Desktop\test\client\build C:\Users\Edward\Desktop\test\client\build C:\Users\Edward\Desktop\test\client\build\CMakeFiles\shopping_client_autogen_timestamp_deps.dir\DependInfo.cmake "--color="
mingw32-make[3]: Leaving directory 'C:/Users/Edward/Desktop/test/client/build'
C:/msys64/ucrt64/bin/mingw32-make.exe  -f CMakeFiles\shopping_client_autogen_timestamp_deps.dir\build.make CMakeFiles/shopping_client_autogen_timestamp_deps.dir/build
mingw32-make[3]: Entering directory 'C:/Users/Edward/Desktop/test/client/build'
mingw32-make[3]: Nothing to be done for 'CMakeFiles/shopping_client_autogen_timestamp_deps.dir/build'.
mingw32-make[3]: Leaving directory 'C:/Users/Edward/Desktop/test/client/build'
[  0%] Built target shopping_client_autogen_timestamp_deps
C:/msys64/ucrt64/bin/mingw32-make.exe  -f CMakeFiles\shopping_client_autogen.dir\build.make CMakeFiles/shopping_client_autogen.dir/depend
mingw32-make[3]: Entering directory 'C:/Users/Edward/Desktop/test/client/build'
D:\CMake\bin\cmake.exe -E cmake_depends "MinGW Makefiles" C:\Users\Edward\Desktop\test\client C:\Users\Edward\Desktop\test\client C:\Users\Edward\Desktop\test\client\build C:\Users\Edward\Desktop\test\client\build C:\Users\Edward\Desktop\test\client\build\CMakeFiles\shopping_client_autogen.dir\DependInfo.cmake "--color="
mingw32-make[3]: Leaving directory 'C:/Users/Edward/Desktop/test/client/build'
C:/msys64/ucrt64/bin/mingw32-make.exe  -f CMakeFiles\shopping_client_autogen.dir\build.make CMakeFiles/shopping_client_autogen.dir/build
mingw32-make[3]: Entering directory 'C:/Users/Edward/Desktop/test/client/build'
mingw32-make[3]: Nothing to be done for 'CMakeFiles/shopping_client_autogen.dir/build'.
mingw32-make[3]: Leaving directory 'C:/Users/Edward/Desktop/test/client/build'
[  8%] Built target shopping_client_autogen
C:/msys64/ucrt64/bin/mingw32-make.exe  -f CMakeFiles\shopping_client.dir\build.make CMakeFiles/shopping_client.dir/depend
mingw32-make[3]: Entering directory 'C:/Users/Edward/Desktop/test/client/build'
D:\CMake\bin\cmake.exe -E cmake_depends "MinGW Makefiles" C:\Users\Edward\Desktop\test\client C:\Users\Edward\Desktop\test\client C:\Users\Edward\Desktop\test\client\build C:\Users\Edward\Desktop\test\client\build C:\Users\Edward\Desktop\test\client\build\CMakeFiles\shopping_client.dir\DependInfo.cmake "--color="
mingw32-make[3]: Leaving directory 'C:/Users/Edward/Desktop/test/client/build'
C:/msys64/ucrt64/bin/mingw32-make.exe  -f CMakeFiles\shopping_client.dir\build.make CMakeFiles/shopping_client.dir/build
mingw32-make[3]: Entering directory 'C:/Users/Edward/Desktop/test/client/build'
[ 16%] Building CXX object CMakeFiles/shopping_client.dir/src/mainwindow/mainwindow.cpp.obj
C:\msys64\ucrt64\bin\c++.exe -DMINGW_HAS_SECURE_API=1 -DQT_CORE_LIB -DQT_GUI_LIB -DQT_NETWORK_LIB -DQT_NO_DEBUG -DQT_SQL_LIB -DQT_WIDGETS_LIB -DUNICODE -DWIN32 -DWIN64 -D_ENABLE_EXTENDED_ALIGNED_STORAGE -D_UNICODE -D_WIN64 @CMakeFiles/shopping_client.dir/includes_CXX.rsp -std=gnu++17 -MD -MT CMakeFiles/shopping_client.dir/src/mainwindow/mainwindow.cpp.obj -MF CMakeFiles\shopping_client.dir\src\mainwindow\mainwindow.cpp.obj.d -o CMakeFiles\shopping_client.dir\src\mainwindow\mainwindow.cpp.obj -c C:\Users\Edward\Desktop\test\client\src\mainwindow\mainwindow.cpp
mingw32-make[3]: *** [CMakeFiles\shopping_client.dir\build.make:124: CMakeFiles/shopping_client.dir/src/mainwindow/mainwindow.cpp.obj] Error 1
mingw32-make[3]: Leaving directory 'C:/Users/Edward/Desktop/test/client/build'
mingw32-make[2]: *** [CMakeFiles\Makefile2:90: CMakeFiles/shopping_client.dir/all] Error 2
mingw32-make[2]: Leaving directory 'C:/Users/Edward/Desktop/test/client/build'
mingw32-make[1]: *** [CMakeFiles\Makefile2:97: CMakeFiles/shopping_client.dir/rule] Error 2
mingw32-make[1]: Leaving directory 'C:/Users/Edward/Desktop/test/client/build'
mingw32-make: *** [Makefile:123: shopping_client] Error 2
