[2025-09-23 13:18:24] pre-0: entering main()
[2025-09-23 13:18:24] stage-1: QApplication constructed
[2025-09-23 13:18:24] stage-2: setQuitOnLastWindowClosed(false)
[2025-09-23 13:18:24] stage-3: app meta set
[2025-09-23 13:18:24] stage-4: logger initialized (or attempted)
[2025-09-23 13:18:24] stage-5: stylesheet loaded (if any)
[2025-09-23 13:18:24] stage-6: LoginWindow constructed
[2025-09-23 13:18:24] stage-7: LoginWindow shown
[2025-09-23 13:18:24] stage-8: entering app.exec()
[2025-09-23 13:25:44] pre-0: entering main()
[2025-09-23 13:25:45] stage-1: QApplication constructed
[2025-09-23 13:25:45] stage-2: setQuitOnLastWindowClosed(false)
[2025-09-23 13:25:45] stage-3: app meta set
[2025-09-23 13:25:45] stage-4: logger initialized (or attempted)
[2025-09-23 13:25:45] stage-5: stylesheet loaded (if any)
[2025-09-23 13:25:45] stage-6: LoginWindow constructed
[2025-09-23 13:25:45] stage-7: LoginWindow shown
[2025-09-23 13:25:45] stage-8: entering app.exec()
[2025-09-23 13:31:37] pre-0: entering main()
[2025-09-23 13:31:38] stage-1: QApplication constructed
[2025-09-23 13:31:38] stage-2: setQuitOnLastWindowClosed(false)
[2025-09-23 13:31:38] stage-3: app meta set
[2025-09-23 13:31:38] stage-4: logger initialized (or attempted)
[2025-09-23 13:31:38] stage-5: stylesheet loaded (if any)
[2025-09-23 13:31:38] stage-6: LoginWindow constructed
[2025-09-23 13:31:38] stage-7: LoginWindow shown
[2025-09-23 13:31:38] stage-8: entering app.exec()
[2025-09-23 18:21:38] pre-0: entering main()
[2025-09-23 18:21:38] stage-1: QApplication constructed
[2025-09-23 18:21:38] stage-2: setQuitOnLastWindowClosed(false)
[2025-09-23 18:21:38] stage-3: app meta set
[2025-09-23 18:21:38] stage-4: logger initialized (or attempted)
[2025-09-23 18:21:38] stage-5: stylesheet loaded (if any)
[2025-09-23 18:21:38] stage-6: LoginWindow constructed
[2025-09-23 18:21:38] stage-7: LoginWindow shown
[2025-09-23 18:21:38] stage-8: entering app.exec()
[2025-09-23 18:28:33] pre-0: entering main()
[2025-09-23 18:28:34] stage-1: QApplication constructed
[2025-09-23 18:28:34] stage-2: setQuitOnLastWindowClosed(false)
[2025-09-23 18:28:34] stage-3: app meta set
[2025-09-23 18:28:34] stage-4: logger initialized (or attempted)
[2025-09-23 18:28:34] stage-5: stylesheet loaded (if any)
[2025-09-23 18:28:34] stage-6: LoginWindow constructed
[2025-09-23 18:28:34] stage-7: LoginWindow shown
[2025-09-23 18:28:34] stage-8: entering app.exec()
[2025-09-23 18:37:20] pre-0: entering main()
[2025-09-23 18:37:20] stage-1: QApplication constructed
[2025-09-23 18:37:20] stage-2: setQuitOnLastWindowClosed(false)
[2025-09-23 18:37:20] stage-3: app meta set
[2025-09-23 18:37:20] stage-4: logger initialized (or attempted)
[2025-09-23 18:37:20] stage-5: stylesheet loaded (if any)
[2025-09-23 18:37:21] stage-6: LoginWindow constructed
[2025-09-23 18:37:21] stage-7: LoginWindow shown
[2025-09-23 18:37:21] stage-8: entering app.exec()
[2025-09-23 18:41:47] pre-0: entering main()
[2025-09-23 18:41:47] stage-1: QApplication constructed
[2025-09-23 18:41:47] stage-2: setQuitOnLastWindowClosed(false)
[2025-09-23 18:41:47] stage-3: app meta set
[2025-09-23 18:41:47] stage-4: logger initialized (or attempted)
[2025-09-23 18:41:47] stage-5: stylesheet loaded (if any)
[2025-09-23 18:41:47] stage-6: LoginWindow constructed
[2025-09-23 18:41:47] stage-7: LoginWindow shown
[2025-09-23 18:41:47] stage-8: entering app.exec()
[2025-09-23 18:42:28] pre-0: entering main()
[2025-09-23 18:42:28] stage-1: QApplication constructed
[2025-09-23 18:42:28] stage-2: setQuitOnLastWindowClosed(false)
[2025-09-23 18:42:28] stage-3: app meta set
[2025-09-23 18:42:28] stage-4: logger initialized (or attempted)
[2025-09-23 18:42:28] stage-5: stylesheet loaded (if any)
[2025-09-23 18:42:28] stage-6: LoginWindow constructed
[2025-09-23 18:42:28] stage-7: LoginWindow shown
[2025-09-23 18:42:28] stage-8: entering app.exec()
[2025-09-23 18:51:22] pre-0: entering main()
[2025-09-23 18:51:22] stage-1: QApplication constructed
[2025-09-23 18:51:22] stage-2: setQuitOnLastWindowClosed(false)
[2025-09-23 18:51:22] stage-3: app meta set
[2025-09-23 18:51:22] stage-4: logger initialized (or attempted)
[2025-09-23 18:51:22] stage-5: stylesheet loaded (if any)
[2025-09-23 18:51:22] stage-6: LoginWindow constructed
[2025-09-23 18:51:22] stage-7: LoginWindow shown
[2025-09-23 18:51:22] stage-8: entering app.exec()
[2025-09-23 18:54:16] pre-0: entering main()
[2025-09-23 18:54:16] stage-1: QApplication constructed
[2025-09-23 18:54:16] stage-2: setQuitOnLastWindowClosed(false)
[2025-09-23 18:54:16] stage-3: app meta set
[2025-09-23 18:54:16] stage-4: logger initialized (or attempted)
[2025-09-23 18:54:16] stage-5: stylesheet loaded (if any)
[2025-09-23 18:54:16] stage-6: LoginWindow constructed
[2025-09-23 18:54:16] stage-7: LoginWindow shown
[2025-09-23 18:54:16] stage-8: entering app.exec()
[2025-09-23 19:04:09] pre-0: entering main()
[2025-09-23 19:04:09] stage-1: QApplication constructed
[2025-09-23 19:04:09] stage-2: setQuitOnLastWindowClosed(false)
[2025-09-23 19:04:09] stage-3: app meta set
[2025-09-23 19:04:09] stage-4: logger initialized (or attempted)
[2025-09-23 19:04:09] stage-5: stylesheet loaded (if any)
[2025-09-23 19:04:10] stage-6: LoginWindow constructed
[2025-09-23 19:04:10] stage-7: LoginWindow shown
[2025-09-23 19:04:10] stage-8: entering app.exec()
[2025-09-23 19:05:18] pre-0: entering main()
[2025-09-23 19:05:18] stage-1: QApplication constructed
[2025-09-23 19:05:18] stage-2: setQuitOnLastWindowClosed(false)
[2025-09-23 19:05:18] stage-3: app meta set
[2025-09-23 19:05:18] stage-4: logger initialized (or attempted)
[2025-09-23 19:05:18] stage-5: stylesheet loaded (if any)
[2025-09-23 19:05:18] stage-6: LoginWindow constructed
[2025-09-23 19:05:18] stage-7: LoginWindow shown
[2025-09-23 19:05:18] stage-8: entering app.exec()
[2025-09-23 21:08:30] pre-0: entering main()
[2025-09-23 21:08:30] stage-1: QApplication constructed
[2025-09-23 21:08:30] stage-2: setQuitOnLastWindowClosed(false)
[2025-09-23 21:08:30] stage-3: app meta set
[2025-09-23 21:08:30] stage-4: logger initialized (or attempted)
[2025-09-23 21:08:30] stage-5: stylesheet loaded (if any)
[2025-09-23 21:08:30] stage-6: LoginWindow constructed
[2025-09-23 21:08:30] stage-7: LoginWindow shown
[2025-09-23 21:08:30] stage-8: entering app.exec()
[2025-09-23 21:10:06] pre-0: entering main()
[2025-09-23 21:10:06] stage-1: QApplication constructed
[2025-09-23 21:10:06] stage-2: setQuitOnLastWindowClosed(false)
[2025-09-23 21:10:06] stage-3: app meta set
[2025-09-23 21:10:06] stage-4: logger initialized (or attempted)
[2025-09-23 21:10:06] stage-5: stylesheet loaded (if any)
[2025-09-23 21:10:06] stage-6: LoginWindow constructed
[2025-09-23 21:10:06] stage-7: LoginWindow shown
[2025-09-23 21:10:06] stage-8: entering app.exec()
[2025-09-23 21:23:47] pre-0: entering main()
[2025-09-23 21:23:48] stage-1: QApplication constructed
[2025-09-23 21:23:48] stage-2: setQuitOnLastWindowClosed(false)
[2025-09-23 21:23:48] stage-3: app meta set
[2025-09-23 21:23:48] stage-4: logger initialized (or attempted)
[2025-09-23 21:23:48] stage-5: stylesheet loaded (if any)
[2025-09-23 21:23:48] stage-6: LoginWindow constructed
[2025-09-23 21:23:48] stage-7: LoginWindow shown
[2025-09-23 21:23:48] stage-8: entering app.exec()
[2025-09-23 21:30:07] pre-0: entering main()
[2025-09-23 21:30:07] stage-1: QApplication constructed
[2025-09-23 21:30:07] stage-2: setQuitOnLastWindowClosed(false)
[2025-09-23 21:30:07] stage-3: app meta set
[2025-09-23 21:30:07] stage-4: logger initialized (or attempted)
[2025-09-23 21:30:07] stage-5: stylesheet loaded (if any)
[2025-09-23 21:30:07] stage-6: LoginWindow constructed
[2025-09-23 21:30:07] stage-7: LoginWindow shown
[2025-09-23 21:30:07] stage-8: entering app.exec()
[2025-09-23 21:34:34] pre-0: entering main()
[2025-09-23 21:34:34] stage-1: QApplication constructed
[2025-09-23 21:34:34] stage-2: setQuitOnLastWindowClosed(false)
[2025-09-23 21:34:34] stage-3: app meta set
[2025-09-23 21:34:34] stage-4: logger initialized (or attempted)
[2025-09-23 21:34:34] stage-5: stylesheet loaded (if any)
[2025-09-23 21:34:34] stage-6: LoginWindow constructed
[2025-09-23 21:34:35] stage-7: LoginWindow shown
[2025-09-23 21:34:35] stage-8: entering app.exec()
[2025-09-23 21:53:02] pre-0: entering main()
[2025-09-23 21:53:02] stage-1: QApplication constructed
[2025-09-23 21:53:02] stage-2: setQuitOnLastWindowClosed(false)
[2025-09-23 21:53:02] stage-3: app meta set
[2025-09-23 21:53:02] stage-4: logger initialized (or attempted)
[2025-09-23 21:53:02] stage-5: stylesheet loaded (if any)
[2025-09-23 21:53:03] stage-6: LoginWindow constructed
[2025-09-23 21:53:03] stage-7: LoginWindow shown
[2025-09-23 21:53:03] stage-8: entering app.exec()
[2025-09-23 23:31:10] pre-0: entering main()
[2025-09-23 23:31:10] stage-1: QApplication constructed
[2025-09-23 23:31:10] stage-2: setQuitOnLastWindowClosed(false)
[2025-09-23 23:31:10] stage-3: app meta set
[2025-09-23 23:31:10] stage-4: logger initialized (or attempted)
[2025-09-23 23:31:10] stage-5: stylesheet loaded (if any)
[2025-09-23 23:31:10] stage-6: LoginWindow constructed
[2025-09-23 23:31:10] stage-7: LoginWindow shown
[2025-09-23 23:31:10] stage-8: entering app.exec()
[2025-09-23 23:40:42] pre-0: entering main()
[2025-09-23 23:40:42] stage-1: QApplication constructed
[2025-09-23 23:40:42] stage-2: setQuitOnLastWindowClosed(false)
[2025-09-23 23:40:42] stage-3: app meta set
[2025-09-23 23:40:42] stage-4: logger initialized (or attempted)
[2025-09-23 23:40:42] stage-5: stylesheet loaded (if any)
[2025-09-23 23:40:42] stage-6: LoginWindow constructed
[2025-09-23 23:40:42] stage-7: LoginWindow shown
[2025-09-23 23:40:42] stage-8: entering app.exec()
